<?xml version="1.0" encoding="UTF-8"?>
<!-- Generated by org.testng.reporters.JUnitReportReporter -->
<testsuite hostname="DESKTOP-CSUM0VT" failures="0" tests="1" name="fbTest.MessengerPageTestNg" time="0.000" errors="0" timestamp="2022-03-08T19:14:42 IST" skipped="1">
  <testcase classname="fbTest.MessengerPageTestNg" name="messengerOperation" time="0.000">
    <skipped/>
  </testcase> <!-- messengerOperation -->
  <system-out/>
</testsuite> <!-- fbTest.MessengerPageTestNg -->
